<?xml version="1.0" encoding="UTF-8"?>
<!-- Generated by org.testng.reporters.JUnitReportReporter -->
<testsuite hostname="DESKTOP-HH2KTU2" failures="0" tests="3" name="array.AddingArrays" time="0.014" errors="0" timestamp="2022-06-05T20:33:29 IST" skipped="0">
  <testcase classname="array.AddingArrays" name="modify" time="0.002"/>
  <system-out/>
  <testcase classname="array.AddingArrays" name="create" time="0.010"/>
  <system-out/>
  <testcase classname="array.AddingArrays" name="delete" time="0.002"/>
  <system-out/>
</testsuite> <!-- array.AddingArrays -->
