<?xml version="1.0" encoding="UTF-8"?>
<!-- Generated by org.testng.reporters.JUnitReportReporter -->
<testsuite hostname="DESKTOP-HH2KTU2" failures="0" tests="1" name="com.crm.vtiger.organization.VtigerLoginTest" time="0.012" errors="0" timestamp="2022-03-23T12:59:13 IST" skipped="0">
  <testcase classname="com.crm.vtiger.organization.VtigerLoginTest" name="loginTest" time="0.012"/>
  <system-out/>
</testsuite> <!-- com.crm.vtiger.organization.VtigerLoginTest -->
